<?xml version="1.0" encoding="UTF-8"?>
<!-- Generated by org.testng.reporters.JUnitReportReporter -->
<testsuite hostname="DivyaSubhash" name="Scenario_Component.Scenario_Cart" tests="1" failures="0" timestamp="5 May 2018 02:03:20 GMT" time="26.094" errors="0">
  <testcase name="TestAddCart" time="26.094" classname="Scenario_Component.Scenario_Cart"/>
</testsuite> <!-- Scenario_Component.Scenario_Cart -->
